<?xml version="1.0" encoding="utf-8"?><testsuites name="pytest tests"><testsuite name="pytest" errors="0" failures="0" skipped="0" tests="15" time="4.773" timestamp="2026-05-31T06:23:06.105108+00:00" hostname="agent-env-d482f72c-d174-41e4-a74d-61ab2f6f81b5"><testcase classname="backend.tests.test_backend_regression.TestAuth" name="test_login_admin" time="0.431" /><testcase classname="backend.tests.test_backend_regression.TestAuth" name="test_auth_me" time="0.048" /><testcase classname="backend.tests.test_backend_regression.TestAuth" name="test_auth_me_unauth" time="0.171" /><testcase classname="backend.tests.test_backend_regression.TestWorkersAdmin" name="test_create_worker" time="0.270" /><testcase classname="backend.tests.test_backend_regression.TestWorkersAdmin" name="test_list_workers_contains_new" time="0.047" /><testcase classname="backend.tests.test_backend_regression.TestWorkerSelf" name="test_heartbeat_persists" time="0.445" /><testcase classname="backend.tests.test_backend_regression.TestWorkerSelf" name="test_worker_self_get" time="0.330" /><testcase classname="backend.tests.test_backend_regression.TestValidateCredentials" name="test_valid_meeting_id" time="0.045" /><testcase classname="backend.tests.test_backend_regression.TestValidateCredentials" name="test_invalid_meeting_id_alpha" time="0.050" /><testcase classname="backend.tests.test_backend_regression.TestTasksLifecycle" name="test_create_task" time="0.048" /><testcase classname="backend.tests.test_backend_regression.TestTasksLifecycle" name="test_worker_claim" time="1.946" /><testcase classname="backend.tests.test_backend_regression.TestTasksLifecycle" name="test_progress_update" time="0.329" /><testcase classname="backend.tests.test_backend_regression.TestTasksLifecycle" name="test_complete_chunk" time="0.428" /><testcase classname="backend.tests.test_backend_regression.TestCleanup" name="test_cleanup_worker" time="0.046" /><testcase classname="backend.tests.test_backend_regression.TestCleanup" name="test_cleanup_task" time="0.045" /></testsuite></testsuites>